<?xml version="1.0" encoding="UTF-8"?>
<!-- Generated by org.testng.reporters.JUnitXMLReporter -->
<testsuite ignored="2" hostname="zhaoshuzhandeMacBook-Pro.local" failures="0" tests="6" name="Surefire test" time="29.058" errors="0" timestamp="22 8月 2022 08:29:17 GMT">
  <testcase classname="org.example.tapestry.integration.pages.LoginTest" name="loginError" time="3.367"/>
  <testcase classname="org.example.tapestry.integration.pages.LoginTest" name="loginSuccess" time="0.815"/>
  <testcase classname="org.example.tapestry.integration.pages.NavigationTest" name="navigationAbout" time="0.667"/>
  <testcase classname="org.example.tapestry.integration.pages.NavigationTest" name="navigationError404" time="0.646"/>
  <testcase classname="org.example.tapestry.integration.pages.NavigationTest" name="navigationIndex" time="0.614"/>
  <testcase classname="org.example.tapestry.integration.pages.NavigationTest" name="navigationLogin" time="0.646"/>
  <testcase classname="org.apache.tapestry5.test.SeleniumTestCase" name="@AfterTest testShutdown" time="0.0">
    <ignored/>
  </testcase> <!-- @AfterTest testShutdown -->
  <testcase classname="org.apache.tapestry5.test.SeleniumTestCase" name="@BeforeTest testStartup" time="0.0">
    <ignored/>
  </testcase> <!-- @BeforeTest testStartup -->
</testsuite> <!-- Surefire test -->
