<?xml version="1.0" encoding="UTF-8"?>
<testsuite xmlns:xsi="http://www.w3.org/2001/XMLSchema-instance" xsi:noNamespaceSchemaLocation="https://maven.apache.org/surefire/maven-surefire-plugin/xsd/surefire-test-report-3.0.xsd" version="3.0" name="TestSuite" time="30.377" tests="6" errors="0" skipped="0" failures="0">
  <properties>
[...]
</properties>
  <testcase name="loginError" classname="org.example.tapestry.integration.pages.LoginTest" time="3.378">
    <system-out><![CDATA[2022-08-22 16:28:48,656 [main                  ] INFO                    org.apache.tapestry5.test.SeleniumTestCase Starting SeleniumTestCase:
    currentDir: /Users/zhaoshuzhan/Downloads/0824
  webAppFolder: src/main/webapp
     container: jetty7
   contextPath: 
         ports: 9090 / 8443
  browserStart: *firefox
       baseURL: http://localhost:9090/
2022-08-22 16:28:48,707 [main                  ] INFO                               org.eclipse.jetty.server.Server jetty-8.1.19.v20160209
2022-08-22 16:28:48,922 [main                  ] INFO                      org.apache.tapestry5.ioc.RegistryBuilder Adding module definition for class org.apache.tapestry5.ioc.modules.TapestryIOCModule
2022-08-22 16:28:48,978 [main                  ] INFO                      org.apache.tapestry5.ioc.RegistryBuilder Adding module definition for class org.apache.tapestry5.json.modules.JSONModule
2022-08-22 16:28:48,990 [main                  ] INFO                      org.apache.tapestry5.ioc.RegistryBuilder Adding module definition for class org.apache.tapestry5.webresources.modules.WebResourcesModule
2022-08-22 16:28:49,039 [main                  ] INFO                      org.apache.tapestry5.ioc.RegistryBuilder Adding module definition for class org.apache.tapestry5.http.modules.TapestryHttpModule
2022-08-22 16:28:49,046 [main                  ] INFO                      org.apache.tapestry5.ioc.RegistryBuilder Adding module definition for class org.example.services.AppModule
2022-08-22 16:28:49,049 [main                  ] INFO                      org.apache.tapestry5.ioc.RegistryBuilder Adding module definition for class org.apache.tapestry5.modules.Bootstrap4Module
2022-08-22 16:28:49,052 [main                  ] INFO                      org.apache.tapestry5.ioc.RegistryBuilder Adding module definition for class org.apache.tapestry5.modules.TapestryModule
2022-08-22 16:28:49,127 [main                  ] INFO                      org.apache.tapestry5.ioc.RegistryBuilder Adding module definition for class org.apache.tapestry5.modules.InternalModule
2022-08-22 16:28:49,150 [main                  ] INFO                      org.apache.tapestry5.ioc.RegistryBuilder Adding module definition for class org.apache.tapestry5.modules.AssetsModule
2022-08-22 16:28:49,168 [main                  ] INFO                      org.apache.tapestry5.ioc.RegistryBuilder Adding module definition for class org.apache.tapestry5.modules.PageLoadModule
2022-08-22 16:28:49,172 [main                  ] INFO                      org.apache.tapestry5.ioc.RegistryBuilder Adding module definition for class org.apache.tapestry5.modules.JavaScriptModule
2022-08-22 16:28:49,179 [main                  ] INFO                      org.apache.tapestry5.ioc.RegistryBuilder Adding module definition for class org.apache.tapestry5.modules.CompatibilityModule
2022-08-22 16:28:49,182 [main                  ] INFO                      org.apache.tapestry5.ioc.RegistryBuilder Adding module definition for class org.apache.tapestry5.modules.DashboardModule
2022-08-22 16:28:49,194 [main                  ] INFO                  org.apache.tapestry5.ioc.internal.ModuleImpl Method Class.isSealed() not found, so we're running in a pre-15 JVM.
2022-08-22 16:28:49,611 [main                  ] INFO  ache.tapestry5.modules.TapestryModule.ComponentClassResolver Available pages (11):
              (blank): org.example.pages.Index
                About: org.example.pages.About
   ComponentLibraries: org.apache.tapestry5.corelib.pages.ComponentLibraries
             Error404: org.example.pages.Error404
      ExceptionReport: org.apache.tapestry5.corelib.pages.ExceptionReport
                Index: org.example.pages.Index
                Login: org.example.pages.Login
          PageCatalog: org.apache.tapestry5.corelib.pages.PageCatalog
PropertyDisplayBlocks: org.apache.tapestry5.corelib.pages.PropertyDisplayBlocks
   PropertyEditBlocks: org.apache.tapestry5.corelib.pages.PropertyEditBlocks
        ServiceStatus: org.apache.tapestry5.corelib.pages.ServiceStatus
          T5Dashboard: org.apache.tapestry5.corelib.pages.T5Dashboard

2022-08-22 16:28:49,613 [main                  ] INFO  ache.tapestry5.modules.TapestryModule.ComponentClassResolver Available components (59):
        ActionLink: org.apache.tapestry5.corelib.components.ActionLink
        AddRowLink: org.apache.tapestry5.corelib.components.AddRowLink
      AjaxFormLoop: org.apache.tapestry5.corelib.components.AjaxFormLoop
            Alerts: org.apache.tapestry5.corelib.components.Alerts
               Any: org.apache.tapestry5.corelib.components.Any
       BeanDisplay: org.apache.tapestry5.corelib.components.BeanDisplay
      BeanEditForm: org.apache.tapestry5.corelib.components.BeanEditForm
        BeanEditor: org.apache.tapestry5.corelib.components.BeanEditor
          Checkbox: org.apache.tapestry5.corelib.components.Checkbox
         Checklist: org.apache.tapestry5.corelib.components.Checklist
         DateField: org.apache.tapestry5.corelib.components.DateField
          Delegate: org.apache.tapestry5.corelib.components.Delegate
           DevTool: org.apache.tapestry5.corelib.components.DevTool
           Doctype: org.apache.tapestry5.corelib.components.Doctype
           Dynamic: org.apache.tapestry5.corelib.components.Dynamic
             Error: org.apache.tapestry5.corelib.components.Error
            Errors: org.apache.tapestry5.corelib.components.Errors
         EventLink: org.apache.tapestry5.corelib.components.EventLink
  ExceptionDisplay: org.apache.tapestry5.corelib.components.ExceptionDisplay
   FontAwesomeIcon: org.apache.tapestry5.corelib.components.FontAwesomeIcon
              Form: org.apache.tapestry5.corelib.components.Form
      FormFragment: org.apache.tapestry5.corelib.components.FormFragment
         Glyphicon: org.apache.tapestry5.corelib.components.Glyphicon
              Grid: org.apache.tapestry5.corelib.components.Grid
          GridCell: org.apache.tapestry5.corelib.components.GridCell
       GridColumns: org.apache.tapestry5.corelib.components.GridColumns
         GridPager: org.apache.tapestry5.corelib.components.GridPager
          GridRows: org.apache.tapestry5.corelib.components.GridRows
            Hidden: org.apache.tapestry5.corelib.components.Hidden
    Html5DateField: org.apache.tapestry5.corelib.components.Html5DateField
                If: org.apache.tapestry5.corelib.components.If
             Label: org.apache.tapestry5.corelib.components.Label
            Layout: org.example.components.Layout
        LinkSubmit: org.apache.tapestry5.corelib.components.LinkSubmit
         LocalDate: org.apache.tapestry5.corelib.components.LocalDate
              Loop: org.apache.tapestry5.corelib.components.Loop
            Output: org.apache.tapestry5.corelib.components.Output
         OutputRaw: org.apache.tapestry5.corelib.components.OutputRaw
          PageLink: org.apache.tapestry5.corelib.components.PageLink
           Palette: org.apache.tapestry5.corelib.components.Palette
     PasswordField: org.apache.tapestry5.corelib.components.PasswordField
ProgressiveDisplay: org.apache.tapestry5.corelib.components.ProgressiveDisplay
   PropertyDisplay: org.apache.tapestry5.corelib.components.PropertyDisplay
    PropertyEditor: org.apache.tapestry5.corelib.components.PropertyEditor
             Radio: org.apache.tapestry5.corelib.components.Radio
        RadioGroup: org.apache.tapestry5.corelib.components.RadioGroup
     RemoveRowLink: org.apache.tapestry5.corelib.components.RemoveRowLink
      RenderObject: org.apache.tapestry5.corelib.components.RenderObject
            Select: org.apache.tapestry5.corelib.components.Select
            Submit: org.apache.tapestry5.corelib.components.Submit
    SubmitNotifier: org.apache.tapestry5.corelib.components.SubmitNotifier
          TextArea: org.apache.tapestry5.corelib.components.TextArea
         TextField: org.apache.tapestry5.corelib.components.TextField
        TextOutput: org.apache.tapestry5.corelib.components.TextOutput
      TimeInterval: org.apache.tapestry5.corelib.components.TimeInterval
              Tree: org.apache.tapestry5.corelib.components.Tree
           Trigger: org.apache.tapestry5.corelib.components.Trigger
            Unless: org.apache.tapestry5.corelib.components.Unless
              Zone: org.apache.tapestry5.corelib.components.Zone

2022-08-22 16:28:49,614 [main                  ] INFO  ache.tapestry5.modules.TapestryModule.ComponentClassResolver Available mixins (14):
           Autocomplete: org.apache.tapestry5.corelib.mixins.Autocomplete
                Confirm: org.apache.tapestry5.corelib.mixins.Confirm
            DiscardBody: org.apache.tapestry5.corelib.mixins.DiscardBody
         FormFieldFocus: org.apache.tapestry5.corelib.mixins.FormFieldFocus
              FormGroup: org.apache.tapestry5.corelib.mixins.FormGroup
               NotEmpty: org.apache.tapestry5.corelib.mixins.NotEmpty
     OverrideFieldFocus: org.apache.tapestry5.corelib.mixins.OverrideFieldFocus
PublishServerSideEvents: org.apache.tapestry5.corelib.mixins.PublishServerSideEvents
         RenderClientId: org.apache.tapestry5.corelib.mixins.RenderClientId
         RenderDisabled: org.apache.tapestry5.corelib.mixins.RenderDisabled
        RenderInformals: org.apache.tapestry5.corelib.mixins.RenderInformals
     RenderNotification: org.apache.tapestry5.corelib.mixins.RenderNotification
        TriggerFragment: org.apache.tapestry5.corelib.mixins.TriggerFragment
            ZoneRefresh: org.apache.tapestry5.corelib.mixins.ZoneRefresh

2022-08-22 16:28:49,633 [main                  ] INFO  rg.apache.tapestry5.modules.TapestryModule.ComponentOverride Component replacements (including components, pages and mixins):
org.apache.tapestry5.corelib.components.Glyphicon: org.apache.tapestry5.corelib.components.FontAwesomeIcon

2022-08-22 16:28:49,673 [main                  ] INFO                      org.apache.tapestry5.http.TapestryFilter Startup status:

Services:

          AjaxComponentEventRequestHandler: DEFINED
         AjaxComponentEventResultProcessor: DEFINED
                  AjaxFormUpdateController: DEFINED
               AjaxPartialResponseRenderer: DEFINED
                      AjaxResponseRenderer: DEFINED
                              AlertManager: VIRTUAL
                       ApplicationDefaults: REAL
                        ApplicationGlobals: REAL
                    ApplicationInitializer: REAL
                   ApplicationStateManager: DEFINED
 ApplicationStatePersistenceStrategySource: DEFINED
                           AspectDecorator: VIRTUAL
                       AssetBindingFactory: DEFINED
                    AssetChecksumGenerator: DEFINED
                           AssetDispatcher: DEFINED
                       AssetObjectProvider: REAL
                      AssetPathConstructor: DEFINED
                        AssetPathConverter: DEFINED
                               AssetSource: VIRTUAL
                       AsyncRequestService: VIRTUAL
                             BaseURLSource: DEFINED
                   BeanBlockOverrideSource: DEFINED
                           BeanBlockSource: DEFINED
                           BeanModelSource: DEFINED
                             BindingSource: DEFINED
                              ChainBuilder: VIRTUAL
                          ClassNameLocator: REAL
                ClasspathAssetAliasManager: DEFINED
                     ClasspathAssetFactory: DEFINED
              ClasspathAssetProtectionRule: DEFINED
                          ClasspathScanner: REAL
                     ClasspathURLConverter: REAL
                     ClientBehaviorSupport: DEFINED
                         ClientDataEncoder: DEFINED
              ClientPersistentFieldStorage: DEFINED
             ClientPersistentFieldStrategy: DEFINED
                           ClientWhitelist: DEFINED
                             Compatibility: REAL
                       ComponentClassCache: DEFINED
                    ComponentClassResolver: REAL
             ComponentClassTransformWorker: DEFINED
      ComponentClassesInvalidationEventHub: REAL
                  ComponentDefaultProvider: DEFINED
                 ComponentEventLinkEncoder: DEFINED
             ComponentEventLinkTransformer: DEFINED
              ComponentEventRequestHandler: DEFINED
             ComponentEventResultProcessor: DEFINED
          ComponentInstanceResultProcessor: DEFINED
               ComponentInstantiatorSource: DEFINED
                ComponentLibraryInfoSource: DEFINED
     ComponentMessagesInvalidationEventHub: DEFINED
                   ComponentMessagesSource: DEFINED
                      ComponentModelSource: DEFINED
                         ComponentOverride: REAL
       ComponentPageElementResourcesSource: DEFINED
                     ComponentProxyFactory: DEFINED
                   ComponentRequestHandler: DEFINED
          ComponentRequestSelectorAnalyzer: DEFINED
                  ComponentResourceLocator: DEFINED
                           ComponentSource: DEFINED
                  ComponentTemplateLocator: DEFINED
                   ComponentTemplateSource: DEFINED
    ComponentTemplatesInvalidationEventHub: DEFINED
                       CompressionAnalyzer: DEFINED
                       ContentTypeAnalyzer: DEFINED
                                   Context: DEFINED
                       ContextAssetFactory: DEFINED
                     ContextBindingFactory: DEFINED
                        ContextPathEncoder: DEFINED
                       ContextValueEncoder: DEFINED
                                CookieSink: DEFINED
                              CookieSource: DEFINED
                                   Cookies: DEFINED
                       CoreJavaScriptStack: DEFINED
                         CorsHandlerHelper: DEFINED
              CorsHttpServletRequestFilter: DEFINED
                          DashboardManager: DEFINED
                          DataTypeAnalyzer: DEFINED
                             DateUtilities: DEFINED
                   DefaultDataTypeAnalyzer: DEFINED
              DefaultImplementationBuilder: VIRTUAL
                         DeferredExecution: VIRTUAL
                        DeprecationWarning: DEFINED
                     DynamicTemplateParser: VIRTUAL
                      EndOfRequestEventHub: REAL
                               Environment: DEFINED
                EnvironmentalShadowBuilder: VIRTUAL
                         ExceptionAnalyzer: DEFINED
                     ExceptionReportWriter: DEFINED
                         ExceptionReporter: DEFINED
                          ExceptionTracker: DEFINED
                           FactoryDefaults: REAL
                     FieldTranslatorSource: DEFINED
                    FieldValidationSupport: DEFINED
               FieldValidatorDefaultSource: DEFINED
                      FieldValidatorSource: DEFINED
                    FormControlNameManager: DEFINED
                               FormSupport: DEFINED
     GoogleClosureMinimizerOptionsProvider: DEFINED
                                 Heartbeat: DEFINED
                  HiddenFieldLocationRules: DEFINED
                              Html5Support: DEFINED
                  HttpRequestBodyConverter: DEFINED
                        HttpServletRequest: DEFINED
                 HttpServletRequestHandler: VIRTUAL
                       HttpServletResponse: DEFINED
                        IgnoredPathsFilter: DEFINED
                         InjectionProvider: DEFINED
     InternalComponentInvalidationEventHub: REAL
                   InternalJavaScriptStack: DEFINED
                    InternalRequestGlobals: DEFINED
                  JavaScriptStackAssembler: DEFINED
            JavaScriptStackPathConstructor: DEFINED
                     JavaScriptStackSource: DEFINED
                         JavaScriptSupport: DEFINED
                               LazyAdvisor: DEFINED
                           LinkCreationHub: DEFINED
                                LinkSource: DEFINED
                           LinkTransformer: DEFINED
                        LocalizationSetter: DEFINED
                          LocationRenderer: DEFINED
                              LoggerSource: BUILTIN
                            LoggingAdvisor: DEFINED
                          LoggingDecorator: DEFINED
                       MappedEntityManager: DEFINED
                            MarkupRenderer: DEFINED
                       MarkupWriterFactory: DEFINED
                          MasterDispatcher: DEFINED
                      MasterObjectProvider: REAL
           MasterStackTraceElementAnalyzer: DEFINED
                     MessageBindingFactory: DEFINED
                           MetaDataLocator: DEFINED
                                MetaWorker: DEFINED
                             ModuleManager: DEFINED
           NullFieldStrategyBindingFactory: DEFINED
                   NullFieldStrategySource: DEFINED
                  NumericTranslatorSupport: DEFINED
                            ObjectRenderer: DEFINED
             OpenApiDocumentationGenerator: DEFINED
                      OpenApiTypeDescriber: DEFINED
                          OperationAdvisor: DEFINED
            PageActivationContextCollector: DEFINED
                             PageActivator: DEFINED
                   PageContentTypeAnalyzer: DEFINED
                     PageDocumentGenerator: DEFINED
                        PageElementFactory: DEFINED
                                PageLoader: DEFINED
                        PageMarkupRenderer: DEFINED
                             PagePreloader: VIRTUAL
                      PageRenderLinkSource: DEFINED
                 PageRenderLinkTransformer: DEFINED
                           PageRenderQueue: DEFINED
                  PageRenderRequestHandler: DEFINED
                      PageResponseRenderer: DEFINED
                                PageSource: DEFINED
                     PartialMarkupRenderer: DEFINED
                   PartialTemplateRenderer: DEFINED
                           PathConstructor: DEFINED
                          PeriodicExecutor: REAL
                    PersistentFieldManager: DEFINED
                          PersistentLocale: DEFINED
                          PerthreadManager: BUILTIN
                           PipelineBuilder: REAL
                       PlasticProxyFactory: BUILTIN
                        PropBindingFactory: DEFINED
                      PropertiesFileParser: DEFINED
                            PropertyAccess: VIRTUAL
                     PropertyConduitSource: DEFINED
                     PropertyShadowBuilder: VIRTUAL
                       RegistryShutdownHub: BUILTIN
                           RegistryStartup: REAL
                              ReloadHelper: REAL
                                   Request: VIRTUAL
                   RequestExceptionHandler: DEFINED
                            RequestGlobals: DEFINED
                            RequestHandler: DEFINED
                          RequestPageCache: DEFINED
                    RequestSecurityManager: DEFINED
                     ResourceChangeTracker: DEFINED
                   ResourceDigestGenerator: DEFINED
                     ResourceDigestManager: DEFINED
                         ResourceMinimizer: DEFINED
                          ResourceStreamer: DEFINED
                ResourceTransformerFactory: DEFINED
                                  Response: VIRTUAL
               ResponseCompressionAnalyzer: DEFINED
                          ResponseRenderer: DEFINED
                               RestSupport: DEFINED
                        SelectModelFactory: DEFINED
                 ServiceActivityScoreboard: BUILTIN
           ServiceConfigurationListenerHub: DEFINED
                    ServiceLifecycleSource: REAL
                           ServiceOverride: REAL
             ServletApplicationInitializer: REAL
SessionApplicationStatePersistenceStrategy: DEFINED
            SessionPersistedObjectAnalyzer: DEFINED
                           StrategyBuilder: VIRTUAL
                  StreamableResourceSource: DEFINED
                            StringInterner: DEFINED
                      SymbolBindingFactory: DEFINED
                              SymbolSource: REAL
                    TapestrySessionFactory: DEFINED
                            TemplateParser: DEFINED
                              ThreadLocale: DEFINED
                              ThunkCreator: DEFINED
                              TimingFilter: DEFINED
                   TranslateBindingFactory: DEFINED
                TranslatorAlternatesSource: DEFINED
                          TranslatorSource: DEFINED
                               TypeCoercer: REAL
                                URLEncoder: DEFINED
           UnknownActivationContextHandler: DEFINED
                         UpdateListenerHub: DEFINED
                    ValidateBindingFactory: DEFINED
             ValidationConstraintGenerator: DEFINED
                ValidationDecoratorFactory: DEFINED
                            ValidatorMacro: DEFINED
                        ValueEncoderSource: DEFINED
                        ValueLabelProvider: DEFINED

86.76% unrealized services (190/219)

Application 'app' (version 1.0-SNAPSHOT) startup time: 213 ms to build IoC Registry, 699 ms overall.

 ______                  __             ____
/_  __/__ ____  ___ ___ / /_______ __  / __/
 / / / _ `/ _ \/ -_|_-</ __/ __/ // / /__ \ 
/_/  \_,_/ .__/\__/___/\__/_/  \_, / /____/
        /_/                   /___/  5.8.2 (development mode)


2022-08-22 16:28:49,748 [main                  ] INFO                    org.eclipse.jetty.server.AbstractConnector Started SelectChannelConnector@0.0.0.0:9090
2022-08-22 16:28:50,927 [main                  ] INFO                     io.github.bonigarcia.wdm.WebDriverManager Reading https://api.github.com/repos/mozilla/geckodriver/releases to seek wires, geckodriver
2022-08-22 16:28:51,853 [main                  ] INFO                     io.github.bonigarcia.wdm.WebDriverManager Latest version of wires, geckodriver is 0.31.0
2022-08-22 16:28:51,856 [main                  ] INFO                           io.github.bonigarcia.wdm.Downloader Downloading https://github.com/mozilla/geckodriver/releases/download/v0.31.0/geckodriver-v0.31.0-macos.tar.gz
2022-08-22 16:29:01,914 [main                  ] INFO                           io.github.bonigarcia.wdm.Downloader Extracting binary from compressed file geckodriver-v0.31.0-macos.tar.gz
2022-08-22 16:29:02,022 [main                  ] INFO                     io.github.bonigarcia.wdm.WebDriverManager Exporting webdriver.gecko.driver as /Users/zhaoshuzhan/.m2/repository/webdriver/geckodriver/macos/0.31.0/geckodriver
2022-08-22 16:29:08,986 [main                  ] INFO                    org.apache.tapestry5.test.SeleniumTestCase Executing void org.example.tapestry.integration.pages.LoginTest.loginError()
2022-08-22 16:29:09,900 [qtp1742900195-24      ] INFO        org.apache.tapestry5.modules.InternalModule.PageLoader Loaded page 'Login' (en) in 345.926 ms
2022-08-22 16:29:09,968 [qtp1742900195-24      ] INFO  ources.modules.WebResourcesModule.ResourceTransformerFactory Using /var/folders/_h/8fg9wrbj18v646d8c5vsl6qh0000gn/T//tapestry-asset-cache to store compiled assets (development mode only).
2022-08-22 16:29:10,082 [qtp1742900195-24      ] INFO        org.apache.tapestry5.modules.InternalModule.PageLoader Loaded page 'About' (en) in 31.705 ms
2022-08-22 16:29:10,271 [qtp1742900195-24      ] INFO                   org.example.services.AppModule.TimingFilter Request time: 1104 ms
2022-08-22 16:29:10,393 [qtp1742900195-24      ] INFO                   org.example.services.AppModule.TimingFilter Request time: 14 ms
2022-08-22 16:29:10,393 [qtp1742900195-25      ] INFO                   org.example.services.AppModule.TimingFilter Request time: 13 ms
2022-08-22 16:29:10,393 [qtp1742900195-38      ] INFO                   org.example.services.AppModule.TimingFilter Request time: 10 ms
2022-08-22 16:29:10,393 [qtp1742900195-37      ] INFO                   org.example.services.AppModule.TimingFilter Request time: 10 ms
2022-08-22 16:29:10,396 [qtp1742900195-24      ] INFO                   org.example.services.AppModule.TimingFilter Request time: 1 ms
2022-08-22 16:29:10,396 [qtp1742900195-37      ] INFO                   org.example.services.AppModule.TimingFilter Request time: 1 ms
2022-08-22 16:29:10,396 [qtp1742900195-38      ] INFO                   org.example.services.AppModule.TimingFilter Request time: 1 ms
2022-08-22 16:29:10,396 [qtp1742900195-25      ] INFO                   org.example.services.AppModule.TimingFilter Request time: 1 ms
2022-08-22 16:29:10,396 [qtp1742900195-39      ] INFO                   org.example.services.AppModule.TimingFilter Request time: 1 ms
2022-08-22 16:29:10,398 [qtp1742900195-24      ] INFO                   org.example.services.AppModule.TimingFilter Request time: 0 ms
2022-08-22 16:29:10,398 [qtp1742900195-37      ] INFO                   org.example.services.AppModule.TimingFilter Request time: 0 ms
2022-08-22 16:29:10,398 [qtp1742900195-38      ] INFO                   org.example.services.AppModule.TimingFilter Request time: 0 ms
2022-08-22 16:29:11,005 [qtp1742900195-38      ] INFO                   org.example.services.AppModule.TimingFilter Request time: 1 ms
2022-08-22 16:29:11,721 [qtp1742900195-38      ] INFO                   org.example.services.AppModule.TimingFilter Request time: 3 ms
2022-08-22 16:29:11,729 [qtp1742900195-39      ] INFO                   org.example.services.AppModule.TimingFilter Request time: 2 ms
2022-08-22 16:29:11,729 [qtp1742900195-37      ] INFO                   org.example.services.AppModule.TimingFilter Request time: 2 ms
2022-08-22 16:29:11,729 [qtp1742900195-38      ] INFO                   org.example.services.AppModule.TimingFilter Request time: 2 ms
2022-08-22 16:29:11,736 [qtp1742900195-24      ] INFO                   org.example.services.AppModule.TimingFilter Request time: 3 ms
2022-08-22 16:29:11,740 [qtp1742900195-39      ] INFO                   org.example.services.AppModule.TimingFilter Request time: 2 ms
2022-08-22 16:29:11,759 [qtp1742900195-38      ] INFO                   org.example.services.AppModule.TimingFilter Request time: 3 ms
2022-08-22 16:29:11,762 [qtp1742900195-24      ] INFO                   org.example.services.AppModule.TimingFilter Request time: 5 ms
2022-08-22 16:29:11,762 [qtp1742900195-37      ] INFO                   org.example.services.AppModule.TimingFilter Request time: 5 ms
2022-08-22 16:29:11,777 [qtp1742900195-39      ] INFO                   org.example.services.AppModule.TimingFilter Request time: 7 ms
2022-08-22 16:29:11,777 [qtp1742900195-37      ] INFO                   org.example.services.AppModule.TimingFilter Request time: 3 ms
2022-08-22 16:29:11,777 [qtp1742900195-38      ] INFO                   org.example.services.AppModule.TimingFilter Request time: 3 ms
2022-08-22 16:29:11,785 [qtp1742900195-24      ] INFO                   org.example.services.AppModule.TimingFilter Request time: 2 ms
2022-08-22 16:29:11,786 [qtp1742900195-39      ] INFO                   org.example.services.AppModule.TimingFilter Request time: 2 ms
2022-08-22 16:29:11,826 [qtp1742900195-38      ] WARN                                       org.example.pages.Login Login error!
2022-08-22 16:29:11,854 [qtp1742900195-38      ] INFO                   org.example.services.AppModule.TimingFilter Request time: 51 ms
2022-08-22 16:29:12,026 [qtp1742900195-24      ] INFO                   org.example.services.AppModule.TimingFilter Request time: 2 ms
2022-08-22 16:29:12,054 [qtp1742900195-39      ] INFO                   org.example.services.AppModule.TimingFilter Request time: 2 ms
2022-08-22 16:29:12,061 [qtp1742900195-38      ] INFO                   org.example.services.AppModule.TimingFilter Request time: 3 ms
2022-08-22 16:29:12,063 [qtp1742900195-37      ] INFO                   org.example.services.AppModule.TimingFilter Request time: 3 ms
]]></system-out>
    <system-err><![CDATA[8月 22, 2022 4:29:02 下午 org.rauschig.jarchivelib.FileModeMapper$UnixPermissionMapper chmod
警告: Could not set file permissions of /var/folders/_h/8fg9wrbj18v646d8c5vsl6qh0000gn/T/3934446553181650512/geckodriver. Exception was: null
8月 22, 2022 4:29:02 下午 org.openqa.selenium.remote.DesiredCapabilities firefox
信息: Using `new FirefoxOptions()` is preferred to `DesiredCapabilities.firefox()`
1661156942440	geckodriver	INFO	Listening on 127.0.0.1:36883
1661156942589	mozrunner::runner	INFO	Running command: "/Applications/Firefox.app/Contents/MacOS/firefox-bin" "--marionette" "-foreground" "-no-remote" "-profile" "/var/folders/_h/8fg9wrbj18v646d8c5vsl6qh0000gn/T/rust_mozprofileWtyoUv"
1661156944575	addons.webextension.doh-rollout@mozilla.org	WARN	Loading extension 'doh-rollout@mozilla.org': Reading manifest: Invalid extension permission: networkStatus
1661156944788	addons.webextension.screenshots@mozilla.org	WARN	Loading extension 'screenshots@mozilla.org': Reading manifest: Invalid extension permission: mozillaAddons
1661156944788	addons.webextension.screenshots@mozilla.org	WARN	Loading extension 'screenshots@mozilla.org': Reading manifest: Invalid extension permission: telemetry
1661156944788	addons.webextension.screenshots@mozilla.org	WARN	Loading extension 'screenshots@mozilla.org': Reading manifest: Invalid extension permission: resource://pdf.js/
1661156944788	addons.webextension.screenshots@mozilla.org	WARN	Loading extension 'screenshots@mozilla.org': Reading manifest: Invalid extension permission: about:reader*
[GFX1-]: [OPENGL] Failed to init compositor with reason: FEATURE_FAILURE_OPENGL_CREATE_CONTEXT
2022-08-22 16:29:07.185 firefox-bin[1467:23717] Warning: Expected min height of view: (<NSButton: 0x1371a4000>) to be less than or equal to 30 but got a height of 32.000000. This error will be logged once per view in violation.
2022-08-22 16:29:07.185 firefox-bin[1467:23717] Warning: Expected min height of view: (<NSButton: 0x1376ed400>) to be less than or equal to 30 but got a height of 32.000000. This error will be logged once per view in violation.
2022-08-22 16:29:07.186 firefox-bin[1467:23717] Warning: Expected min height of view: (<NSButton: 0x1376ed800>) to be less than or equal to 30 but got a height of 32.000000. This error will be logged once per view in violation.
2022-08-22 16:29:07.186 firefox-bin[1467:23717] Warning: Expected min height of view: (<NSButton: 0x1376ee400>) to be less than or equal to 30 but got a height of 32.000000. This error will be logged once per view in violation.
2022-08-22 16:29:07.187 firefox-bin[1467:23717] Warning: Expected min height of view: (<NSButton: 0x1376ee800>) to be less than or equal to 30 but got a height of 32.000000. This error will be logged once per view in violation.
2022-08-22 16:29:07.187 firefox-bin[1467:23717] Warning: Expected min height of view: (<NSPopoverTouchBarItemButton: 0x1376ef000>) to be less than or equal to 30 but got a height of 32.000000. This error will be logged once per view in violation.
2022-08-22 16:29:07.188 firefox-bin[1467:23717] Warning: Expected min height of view: (<NSPopoverTouchBarItemButton: 0x1376f9000>) to be less than or equal to 30 but got a height of 32.000000. This error will be logged once per view in violation.
1661156948745	Marionette	INFO	Listening on port 56395
1661156948820	Marionette	WARN	TLS certificate errors will be ignored for this session
8月 22, 2022 4:29:08 下午 org.openqa.selenium.remote.ProtocolHandshake createSession
信息: Detected dialect: W3C
]]></system-err>
  </testcase>
  <testcase name="loginSuccess" classname="org.example.tapestry.integration.pages.LoginTest" time="0.804">
    <system-out><![CDATA[2022-08-22 16:29:12,355 [main                  ] INFO                    org.apache.tapestry5.test.SeleniumTestCase Executing void org.example.tapestry.integration.pages.LoginTest.loginSuccess()
2022-08-22 16:29:12,371 [qtp1742900195-39      ] INFO                   org.example.services.AppModule.TimingFilter Request time: 5 ms
2022-08-22 16:29:12,550 [qtp1742900195-24      ] INFO                                       org.example.pages.Login Login successful!
2022-08-22 16:29:12,551 [qtp1742900195-24      ] INFO                   org.example.services.AppModule.TimingFilter Request time: 3 ms
2022-08-22 16:29:12,619 [qtp1742900195-38      ] INFO        org.apache.tapestry5.modules.InternalModule.PageLoader Loaded page 'Index' (en) in 60.333 ms
2022-08-22 16:29:12,625 [qtp1742900195-38      ] INFO                   org.example.services.AppModule.TimingFilter Request time: 67 ms
2022-08-22 16:29:12,769 [qtp1742900195-37      ] INFO                   org.example.services.AppModule.TimingFilter Request time: 0 ms
2022-08-22 16:29:12,914 [qtp1742900195-38      ] INFO                   org.example.services.AppModule.TimingFilter Request time: 5 ms
]]></system-out>
  </testcase>
  <testcase name="navigationAbout" classname="org.example.tapestry.integration.pages.NavigationTest" time="0.666">
    <system-out><![CDATA[2022-08-22 16:29:13,171 [main                  ] INFO                    org.apache.tapestry5.test.SeleniumTestCase Executing void org.example.tapestry.integration.pages.NavigationTest.navigationAbout()
2022-08-22 16:29:13,182 [qtp1742900195-37      ] INFO                   org.example.services.AppModule.TimingFilter Request time: 3 ms
]]></system-out>
  </testcase>
  <testcase name="navigationError404" classname="org.example.tapestry.integration.pages.NavigationTest" time="0.646">
    <system-out><![CDATA[2022-08-22 16:29:13,839 [main                  ] INFO                    org.apache.tapestry5.test.SeleniumTestCase Executing void org.example.tapestry.integration.pages.NavigationTest.navigationError404()
2022-08-22 16:29:13,864 [qtp1742900195-37      ] INFO        org.apache.tapestry5.modules.InternalModule.PageLoader Loaded page 'Error404' (en) in 13.951 ms
2022-08-22 16:29:13,867 [qtp1742900195-37      ] INFO                   org.example.services.AppModule.TimingFilter Request time: 20 ms
]]></system-out>
  </testcase>
  <testcase name="navigationIndex" classname="org.example.tapestry.integration.pages.NavigationTest" time="0.614">
    <system-out><![CDATA[2022-08-22 16:29:14,486 [main                  ] INFO                    org.apache.tapestry5.test.SeleniumTestCase Executing void org.example.tapestry.integration.pages.NavigationTest.navigationIndex()
2022-08-22 16:29:14,497 [qtp1742900195-37      ] INFO                   org.example.services.AppModule.TimingFilter Request time: 4 ms
]]></system-out>
  </testcase>
  <testcase name="navigationLogin" classname="org.example.tapestry.integration.pages.NavigationTest" time="0.645">
    <system-out><![CDATA[2022-08-22 16:29:15,101 [main                  ] INFO                    org.apache.tapestry5.test.SeleniumTestCase Executing void org.example.tapestry.integration.pages.NavigationTest.navigationLogin()
2022-08-22 16:29:15,114 [qtp1742900195-37      ] INFO                   org.example.services.AppModule.TimingFilter Request time: 5 ms
]]></system-out>
  </testcase>
</testsuite>