<?xml version="1.0" encoding="UTF-8"?>
<testng-results ignored="2" total="8" passed="6" failed="0" skipped="0">
  <reporter-output>
  </reporter-output>
  <suite started-at="2022-08-22T08:28:48Z" name="Surefire suite" finished-at="2022-08-22T08:29:17Z" duration-ms="29058">
    <groups>
    </groups>
    <test started-at="2022-08-22T08:28:48Z" name="Surefire test" finished-at="2022-08-22T08:29:17Z" duration-ms="29058">
      <class name="org.example.tapestry.integration.pages.NavigationTest">
        <test-method is-config="true" signature="setup(org.testng.ITestContext)[pri:0, instance:org.example.tapestry.integration.pages.NavigationTest@1bcf67e8]" started-at="2022-08-22T08:29:13Z" name="setup" finished-at="2022-08-22T08:29:13Z" duration-ms="0" status="PASS">
          <params>
            <param index="0">
              <value>
                <![CDATA[org.testng.TestRunner@fceab5d]]>
              </value>
            </param>
          </params>
          <reporter-output>
          </reporter-output>
        </test-method> <!-- setup -->
        <test-method is-config="true" signature="indicateTestMethodName(java.lang.reflect.Method)[pri:0, instance:org.example.tapestry.integration.pages.NavigationTest@1bcf67e8]" started-at="2022-08-22T08:29:13Z" name="indicateTestMethodName" finished-at="2022-08-22T08:29:13Z" duration-ms="1" status="PASS">
          <params>
            <param index="0">
              <value>
                <![CDATA[void org.example.tapestry.integration.pages.NavigationTest.navigationAbout()]]>
              </value>
            </param>
          </params>
          <reporter-output>
          </reporter-output>
        </test-method> <!-- indicateTestMethodName -->
        <test-method signature="navigationAbout()[pri:0, instance:org.example.tapestry.integration.pages.NavigationTest@1bcf67e8]" started-at="2022-08-22T08:29:13Z" name="navigationAbout" finished-at="2022-08-22T08:29:13Z" duration-ms="667" status="PASS">
          <reporter-output>
          </reporter-output>
        </test-method> <!-- navigationAbout -->
        <test-method is-config="true" signature="indicateTestMethodName(java.lang.reflect.Method)[pri:0, instance:org.example.tapestry.integration.pages.NavigationTest@1bcf67e8]" started-at="2022-08-22T08:29:13Z" name="indicateTestMethodName" finished-at="2022-08-22T08:29:13Z" duration-ms="0" status="PASS">
          <params>
            <param index="0">
              <value>
                <![CDATA[void org.example.tapestry.integration.pages.NavigationTest.navigationError404()]]>
              </value>
            </param>
          </params>
          <reporter-output>
          </reporter-output>
        </test-method> <!-- indicateTestMethodName -->
        <test-method signature="navigationError404()[pri:0, instance:org.example.tapestry.integration.pages.NavigationTest@1bcf67e8]" started-at="2022-08-22T08:29:13Z" name="navigationError404" finished-at="2022-08-22T08:29:14Z" duration-ms="646" status="PASS">
          <reporter-output>
          </reporter-output>
        </test-method> <!-- navigationError404 -->
        <test-method is-config="true" signature="cleanupTestMethod()[pri:0, instance:org.example.tapestry.integration.pages.NavigationTest@1bcf67e8]" started-at="2022-08-22T08:29:13Z" name="cleanupTestMethod" finished-at="2022-08-22T08:29:13Z" duration-ms="0" status="PASS">
          <reporter-output>
          </reporter-output>
        </test-method> <!-- cleanupTestMethod -->
        <test-method signature="navigationIndex()[pri:0, instance:org.example.tapestry.integration.pages.NavigationTest@1bcf67e8]" started-at="2022-08-22T08:29:14Z" name="navigationIndex" finished-at="2022-08-22T08:29:15Z" duration-ms="614" status="PASS">
          <reporter-output>
          </reporter-output>
        </test-method> <!-- navigationIndex -->
        <test-method is-config="true" signature="indicateTestMethodName(java.lang.reflect.Method)[pri:0, instance:org.example.tapestry.integration.pages.NavigationTest@1bcf67e8]" started-at="2022-08-22T08:29:14Z" name="indicateTestMethodName" finished-at="2022-08-22T08:29:14Z" duration-ms="0" status="PASS">
          <params>
            <param index="0">
              <value>
                <![CDATA[void org.example.tapestry.integration.pages.NavigationTest.navigationIndex()]]>
              </value>
            </param>
          </params>
          <reporter-output>
          </reporter-output>
        </test-method> <!-- indicateTestMethodName -->
        <test-method is-config="true" signature="cleanupTestMethod()[pri:0, instance:org.example.tapestry.integration.pages.NavigationTest@1bcf67e8]" started-at="2022-08-22T08:29:14Z" name="cleanupTestMethod" finished-at="2022-08-22T08:29:14Z" duration-ms="0" status="PASS">
          <reporter-output>
          </reporter-output>
        </test-method> <!-- cleanupTestMethod -->
        <test-method is-config="true" signature="cleanupTestMethod()[pri:0, instance:org.example.tapestry.integration.pages.NavigationTest@1bcf67e8]" started-at="2022-08-22T08:29:15Z" name="cleanupTestMethod" finished-at="2022-08-22T08:29:15Z" duration-ms="0" status="PASS">
          <reporter-output>
          </reporter-output>
        </test-method> <!-- cleanupTestMethod -->
        <test-method is-config="true" signature="indicateTestMethodName(java.lang.reflect.Method)[pri:0, instance:org.example.tapestry.integration.pages.NavigationTest@1bcf67e8]" started-at="2022-08-22T08:29:15Z" name="indicateTestMethodName" finished-at="2022-08-22T08:29:15Z" duration-ms="0" status="PASS">
          <params>
            <param index="0">
              <value>
                <![CDATA[void org.example.tapestry.integration.pages.NavigationTest.navigationLogin()]]>
              </value>
            </param>
          </params>
          <reporter-output>
          </reporter-output>
        </test-method> <!-- indicateTestMethodName -->
        <test-method signature="navigationLogin()[pri:0, instance:org.example.tapestry.integration.pages.NavigationTest@1bcf67e8]" started-at="2022-08-22T08:29:15Z" name="navigationLogin" finished-at="2022-08-22T08:29:15Z" duration-ms="646" status="PASS">
          <reporter-output>
          </reporter-output>
        </test-method> <!-- navigationLogin -->
        <test-method is-config="true" signature="cleanupTestMethod()[pri:0, instance:org.example.tapestry.integration.pages.NavigationTest@1bcf67e8]" started-at="2022-08-22T08:29:15Z" name="cleanupTestMethod" finished-at="2022-08-22T08:29:15Z" duration-ms="0" status="PASS">
          <reporter-output>
          </reporter-output>
        </test-method> <!-- cleanupTestMethod -->
        <test-method is-config="true" signature="cleanup()[pri:0, instance:org.example.tapestry.integration.pages.NavigationTest@1bcf67e8]" started-at="2022-08-22T08:29:15Z" name="cleanup" finished-at="2022-08-22T08:29:15Z" duration-ms="0" status="PASS">
          <reporter-output>
          </reporter-output>
        </test-method> <!-- cleanup -->
      </class> <!-- org.example.tapestry.integration.pages.NavigationTest -->
      <class name="org.example.tapestry.integration.pages.LoginTest">
        <test-method is-config="true" signature="testStartup(org.testng.ITestContext, org.testng.xml.XmlTest)[pri:0, instance:org.example.tapestry.integration.pages.LoginTest@6b587673]" started-at="2022-08-22T08:28:48Z" name="testStartup" depends-on-groups="beforeStartup" finished-at="2022-08-22T08:29:08Z" duration-ms="20334" status="PASS">
          <params>
            <param index="0">
              <value>
                <![CDATA[org.testng.TestRunner@fceab5d]]>
              </value>
            </param>
            <param index="1">
              <value>
                <![CDATA[org.testng.xml.XmlTest@5dbd0ee6]]>
              </value>
            </param>
          </params>
          <reporter-output>
          </reporter-output>
        </test-method> <!-- testStartup -->
        <test-method is-config="true" signature="setup(org.testng.ITestContext)[pri:0, instance:org.example.tapestry.integration.pages.LoginTest@6b587673]" started-at="2022-08-22T08:29:08Z" name="setup" finished-at="2022-08-22T08:29:08Z" duration-ms="1" status="PASS">
          <params>
            <param index="0">
              <value>
                <![CDATA[org.testng.TestRunner@fceab5d]]>
              </value>
            </param>
          </params>
          <reporter-output>
          </reporter-output>
        </test-method> <!-- setup -->
        <test-method is-config="true" signature="indicateTestMethodName(java.lang.reflect.Method)[pri:0, instance:org.example.tapestry.integration.pages.LoginTest@6b587673]" started-at="2022-08-22T08:29:08Z" name="indicateTestMethodName" finished-at="2022-08-22T08:29:08Z" duration-ms="1" status="PASS">
          <params>
            <param index="0">
              <value>
                <![CDATA[void org.example.tapestry.integration.pages.LoginTest.loginError()]]>
              </value>
            </param>
          </params>
          <reporter-output>
          </reporter-output>
        </test-method> <!-- indicateTestMethodName -->
        <test-method signature="loginError()[pri:0, instance:org.example.tapestry.integration.pages.LoginTest@6b587673]" started-at="2022-08-22T08:29:08Z" name="loginError" finished-at="2022-08-22T08:29:12Z" duration-ms="3367" status="PASS">
          <reporter-output>
          </reporter-output>
        </test-method> <!-- loginError -->
        <test-method is-config="true" signature="indicateTestMethodName(java.lang.reflect.Method)[pri:0, instance:org.example.tapestry.integration.pages.LoginTest@6b587673]" started-at="2022-08-22T08:29:12Z" name="indicateTestMethodName" finished-at="2022-08-22T08:29:12Z" duration-ms="1" status="PASS">
          <params>
            <param index="0">
              <value>
                <![CDATA[void org.example.tapestry.integration.pages.LoginTest.loginSuccess()]]>
              </value>
            </param>
          </params>
          <reporter-output>
          </reporter-output>
        </test-method> <!-- indicateTestMethodName -->
        <test-method is-config="true" signature="cleanupTestMethod()[pri:0, instance:org.example.tapestry.integration.pages.LoginTest@6b587673]" started-at="2022-08-22T08:29:12Z" name="cleanupTestMethod" finished-at="2022-08-22T08:29:12Z" duration-ms="0" status="PASS">
          <reporter-output>
          </reporter-output>
        </test-method> <!-- cleanupTestMethod -->
        <test-method signature="loginSuccess()[pri:0, instance:org.example.tapestry.integration.pages.LoginTest@6b587673]" started-at="2022-08-22T08:29:12Z" name="loginSuccess" finished-at="2022-08-22T08:29:13Z" duration-ms="815" status="PASS">
          <reporter-output>
          </reporter-output>
        </test-method> <!-- loginSuccess -->
        <test-method is-config="true" signature="cleanupTestMethod()[pri:0, instance:org.example.tapestry.integration.pages.LoginTest@6b587673]" started-at="2022-08-22T08:29:13Z" name="cleanupTestMethod" finished-at="2022-08-22T08:29:13Z" duration-ms="0" status="PASS">
          <reporter-output>
          </reporter-output>
        </test-method> <!-- cleanupTestMethod -->
        <test-method is-config="true" signature="cleanup()[pri:0, instance:org.example.tapestry.integration.pages.LoginTest@6b587673]" started-at="2022-08-22T08:29:13Z" name="cleanup" finished-at="2022-08-22T08:29:13Z" duration-ms="0" status="PASS">
          <reporter-output>
          </reporter-output>
        </test-method> <!-- cleanup -->
        <test-method is-config="true" signature="testShutdown(org.testng.ITestContext)[pri:0, instance:org.example.tapestry.integration.pages.LoginTest@6b587673]" started-at="2022-08-22T08:29:15Z" name="testShutdown" finished-at="2022-08-22T08:29:17Z" duration-ms="1950" status="PASS">
          <params>
            <param index="0">
              <value>
                <![CDATA[org.testng.TestRunner@fceab5d]]>
              </value>
            </param>
          </params>
          <reporter-output>
          </reporter-output>
        </test-method> <!-- testShutdown -->
      </class> <!-- org.example.tapestry.integration.pages.LoginTest -->
    </test> <!-- Surefire test -->
  </suite> <!-- Surefire suite -->
</testng-results>
