<?xml version="1.0" encoding="UTF-8"?>
<!-- Generated by org.testng.reporters.JUnitReportReporter -->
<testsuite hostname="zhaoshuzhandeMacBook-Pro.local" failures="0" tests="4" name="org.example.tapestry.integration.pages.NavigationTest" time="2.574" errors="0" timestamp="22 8月 2022 08:29:17 GMT" skipped="0">
  <testcase classname="org.example.tapestry.integration.pages.NavigationTest" name="navigationAbout" time="0.667"/>
  <testcase classname="org.example.tapestry.integration.pages.NavigationTest" name="navigationError404" time="0.646"/>
  <testcase classname="org.example.tapestry.integration.pages.NavigationTest" name="navigationIndex" time="0.614"/>
  <testcase classname="org.example.tapestry.integration.pages.NavigationTest" name="navigationLogin" time="0.647"/>
</testsuite> <!-- org.example.tapestry.integration.pages.NavigationTest -->
