<?xml version="1.0" encoding="UTF-8"?>
<!-- Generated by org.testng.reporters.JUnitReportReporter -->
<testsuite hostname="zhaoshuzhandeMacBook-Pro.local" failures="0" tests="2" name="org.example.tapestry.integration.pages.LoginTest" time="4.023" errors="0" timestamp="23 8月 2022 02:04:51 GMT" skipped="0">
  <testcase classname="org.example.tapestry.integration.pages.LoginTest" name="loginError" time="3.232"/>
  <testcase classname="org.example.tapestry.integration.pages.LoginTest" name="loginSuccess" time="0.791"/>
</testsuite> <!-- org.example.tapestry.integration.pages.LoginTest -->
