<?xml version="1.0" encoding="UTF-8"?>
<!-- Generated by org.testng.reporters.JUnitReportReporter -->
<testsuite hostname="zhaoshuzhandeMacBook-Pro.local" failures="0" tests="4" name="org.example.tapestry.integration.pages.NavigationTest" time="2.453" errors="0" timestamp="23 8月 2022 02:04:51 GMT" skipped="0">
  <testcase classname="org.example.tapestry.integration.pages.NavigationTest" name="navigationError404" time="0.615"/>
  <testcase classname="org.example.tapestry.integration.pages.NavigationTest" name="navigationIndex" time="0.622"/>
  <testcase classname="org.example.tapestry.integration.pages.NavigationTest" name="navigationAbout" time="0.613"/>
  <testcase classname="org.example.tapestry.integration.pages.NavigationTest" name="navigationLogin" time="0.603"/>
</testsuite> <!-- org.example.tapestry.integration.pages.NavigationTest -->
