<?xml version="1.0" encoding="UTF-8"?>
<!-- Generated by org.testng.reporters.JUnitReportReporter -->
<testsuite hostname="zhaoshuzhandeMacBook-Pro.local" failures="0" tests="2" name="org.example.tapestry.integration.pages.LoginTest" time="4.184" errors="0" timestamp="22 8月 2022 08:29:17 GMT" skipped="0">
  <testcase classname="org.example.tapestry.integration.pages.LoginTest" name="loginSuccess" time="0.816"/>
  <testcase classname="org.example.tapestry.integration.pages.LoginTest" name="loginError" time="3.368"/>
</testsuite> <!-- org.example.tapestry.integration.pages.LoginTest -->
